Total memory: 34.359738368GB
Free memory: 34.079506432GB
Used memory: 0.280231936GB
2023-11-16 00:39:55,064|    INFO| set seed as 80
2023-11-16 00:40:07,893|    INFO| spectra train/valid/test: 800/800/0
2023-11-16 00:40:09,124|    INFO| Training on /scratch/projects/vision/data/pdr3
2023-11-16 00:40:09,196|    INFO| logging to /home/fred862/scratch/vision/data/pdr3/output/neg-sup/20231116-004009
2023-11-16 00:40:09,219|    INFO| AstroPipeline(
  (nef): CodebookPretrainNerf(
    (codebook): Embedding(32, 32)
    (spatial_decoder): SpatialDecoder(
      (redshift_decoder): RedshiftDecoder()
    )
    (hps_decoder): HyperSpectralDecoderB(
      (convert): HyperSpectralConverter(
        (wave_encoder): Encoder(
          (embedder): RandGaus(
            (mappings): ModuleList(
              (0): Linear(in_features=1, out_features=16, bias=True)
            )
          )
        )
      )
      (spectra_decoder): BasicDecoder(
        (layers): ModuleList(
          (0): Linear(in_features=64, out_features=128, bias=True)
          (1): Linear(in_features=128, out_features=128, bias=True)
        )
        (lout): Linear(in_features=128, out_features=1, bias=True)
      )
      (qtz): Quantization()
      (inte): HyperSpectralIntegrator()
    )
  )
)
2023-11-16 00:40:09,219|    INFO| Total number of parameters: 8474017
2023-11-16 00:40:09,220|    INFO| 40 batches per epoch.
2023-11-16 00:40:14,459|    INFO| EPOCH 0/10000 | total loss: 6.162E+00 | spectra loss: 6.162E+00
2023-11-16 02:46:42,719|    INFO| EPOCH 1000/10000 | total loss: 2.468E-01 | spectra loss: 2.468E-01
2023-11-16 04:53:01,958|    INFO| EPOCH 2000/10000 | total loss: 1.973E-01 | spectra loss: 1.973E-01
2023-11-16 06:59:24,135|    INFO| EPOCH 3000/10000 | total loss: 2.131E-01 | spectra loss: 2.131E-01
2023-11-16 09:05:43,968|    INFO| EPOCH 4000/10000 | total loss: 2.254E-01 | spectra loss: 2.254E-01
2023-11-16 11:12:03,797|    INFO| EPOCH 5000/10000 | total loss: 2.146E-01 | spectra loss: 2.146E-01
2023-11-16 13:18:24,392|    INFO| EPOCH 6000/10000 | total loss: 2.274E-01 | spectra loss: 2.274E-01
2023-11-16 15:24:43,866|    INFO| EPOCH 7000/10000 | total loss: 2.272E-01 | spectra loss: 2.272E-01
2023-11-16 17:31:06,649|    INFO| EPOCH 8000/10000 | total loss: 2.410E-01 | spectra loss: 2.410E-01
2023-11-16 19:37:28,877|    INFO| EPOCH 9000/10000 | total loss: 2.556E-01 | spectra loss: 2.556E-01
